[  0%] Built target darknet_ros_msgs_generate_messages_py
[  0%] Built target tf_generate_messages_py
[  0%] Built target darknet_ros_msgs_generate_messages_cpp
[  0%] Built target darknet_ros_msgs_generate_messages_nodejs
[  0%] Built target tf2_msgs_generate_messages_nodejs
[  0%] Built target darknet_ros_msgs_generate_messages_lisp
[  0%] Built target tf2_msgs_generate_messages_lisp
[  0%] Built target tf2_msgs_generate_messages_eus
[  0%] Built target tf2_msgs_generate_messages_cpp
[  0%] Built target _catkin_empty_exported_target
[  0%] Built target actionlib_msgs_generate_messages_py
[  0%] Built target std_msgs_generate_messages_eus
[  0%] Built target roscpp_generate_messages_lisp
[  0%] Built target roscpp_generate_messages_cpp
[  0%] Built target geometry_msgs_generate_messages_eus
[  0%] Built target darknet_ros_msgs_generate_messages_eus
[  0%] Built target geometry_msgs_generate_messages_lisp
[  0%] Built target std_msgs_generate_messages_lisp
[  0%] Built target geometry_msgs_generate_messages_nodejs
[  0%] Built target rosgraph_msgs_generate_messages_nodejs
[  0%] Built target rosgraph_msgs_generate_messages_cpp
[  0%] Built target actionlib_msgs_generate_messages_lisp
[  0%] Built target roscpp_generate_messages_nodejs
[  0%] Built target rosgraph_msgs_generate_messages_lisp
[  0%] Built target tf_generate_messages_eus
[  0%] Built target tf2_msgs_generate_messages_py
[  0%] Built target actionlib_msgs_generate_messages_nodejs
[  0%] Built target actionlib_generate_messages_py
[  0%] Built target actionlib_msgs_generate_messages_eus
[  0%] Built target std_msgs_generate_messages_py
[  0%] Built target actionlib_generate_messages_lisp
[  0%] Built target actionlib_generate_messages_eus
[  0%] Built target tf_generate_messages_cpp
[  0%] Built target roscpp_generate_messages_eus
[  0%] Built target rosgraph_msgs_generate_messages_eus
[  0%] Built target sensor_msgs_generate_messages_cpp
[  0%] Built target std_msgs_generate_messages_cpp
[  0%] Built target actionlib_msgs_generate_messages_cpp
[  0%] Built target actionlib_generate_messages_nodejs
[  0%] Built target sensor_msgs_generate_messages_eus
[  0%] Built target sensor_msgs_generate_messages_lisp
[  0%] Built target actionlib_generate_messages_cpp
[  0%] Built target sensor_msgs_generate_messages_nodejs
[  0%] Built target geometry_msgs_generate_messages_cpp
[  0%] Built target sensor_msgs_generate_messages_py
[  0%] Built target rosgraph_msgs_generate_messages_py
[  0%] Built target std_msgs_generate_messages_nodejs
[  0%] Built target geometry_msgs_generate_messages_py
[  0%] Built target tf_generate_messages_lisp
[  0%] Built target roscpp_generate_messages_py
[  0%] Built target tf_generate_messages_nodejs
[35m[1mScanning dependencies of target obj_search[0m
[ 37%] Built target bwi_obj_rec_find_objects
[ 62%] Built target obj_rec
[ 75%] [32mBuilding CXX object CMakeFiles/obj_search.dir/src/obj_search.cpp.o[0m
[01m[K/home/users/fri/Desktop/angle_ws/src/view_nav_angle/src/obj_search.cpp:[m[K In function â€˜[01m[Kint main(int, char**)[m[Kâ€™:
[01m[K/home/users/fri/Desktop/angle_ws/src/view_nav_angle/src/obj_search.cpp:440:64:[m[K [01;31m[Kerror: [m[Kâ€˜[01m[Kcirc[m[Kâ€™ was not declared in this scope
   vector<geometry_msgs::PoseStamped> demonav = circ(lounge, 2.0);
[01;32m[K                                                                ^[m[K
[01m[K/home/users/fri/Desktop/angle_ws/src/view_nav_angle/src/obj_search.cpp:446:53:[m[K [01;31m[Kerror: [m[Kno matching function for call to â€˜[01m[KRobotMotion::move_to_location(__gnu_cxx::__alloc_traits<std::allocator<geometry_msgs::PoseStamped_<std::allocator<void> > > >::value_type&)[m[Kâ€™
   rm->move_to_location(location_list[location_index]);
[01;32m[K                                                     ^[m[K
In file included from [01m[K/home/users/fri/Desktop/angle_ws/src/view_nav_angle/src/obj_search.cpp:6:0[m[K:
[01m[K/home/users/fri/Desktop/angle_ws/src/view_nav_angle/include/bwi_obj_rec/robot_motion.h:64:8:[m[K [01;36m[Knote: [m[Kcandidate: void RobotMotion::move_to_location(std::pair<float, float>)
   void move_to_location(std::pair<float, float> coordinates);
[01;32m[K        ^[m[K
[01m[K/home/users/fri/Desktop/angle_ws/src/view_nav_angle/include/bwi_obj_rec/robot_motion.h:64:8:[m[K [01;36m[Knote: [m[K  no known conversion for argument 1 from â€˜[01m[K__gnu_cxx::__alloc_traits<std::allocator<geometry_msgs::PoseStamped_<std::allocator<void> > > >::value_type {aka geometry_msgs::PoseStamped_<std::allocator<void> >}[m[Kâ€™ to â€˜[01m[Kstd::pair<float, float>[m[Kâ€™
[01m[K/home/users/fri/Desktop/angle_ws/src/view_nav_angle/src/obj_search.cpp:455:50:[m[K [01;31m[Kerror: [m[Kno matching function for call to â€˜[01m[KRobotMotion::move_to_location(__gnu_cxx::__alloc_traits<std::allocator<geometry_msgs::PoseStamped_<std::allocator<void> > > >::value_type&)[m[Kâ€™
      rm->move_to_location(demonav[location_index]);
[01;32m[K                                                  ^[m[K
In file included from [01m[K/home/users/fri/Desktop/angle_ws/src/view_nav_angle/src/obj_search.cpp:6:0[m[K:
[01m[K/home/users/fri/Desktop/angle_ws/src/view_nav_angle/include/bwi_obj_rec/robot_motion.h:64:8:[m[K [01;36m[Knote: [m[Kcandidate: void RobotMotion::move_to_location(std::pair<float, float>)
   void move_to_location(std::pair<float, float> coordinates);
[01;32m[K        ^[m[K
[01m[K/home/users/fri/Desktop/angle_ws/src/view_nav_angle/include/bwi_obj_rec/robot_motion.h:64:8:[m[K [01;36m[Knote: [m[K  no known conversion for argument 1 from â€˜[01m[K__gnu_cxx::__alloc_traits<std::allocator<geometry_msgs::PoseStamped_<std::allocator<void> > > >::value_type {aka geometry_msgs::PoseStamped_<std::allocator<void> >}[m[Kâ€™ to â€˜[01m[Kstd::pair<float, float>[m[Kâ€™
CMakeFiles/obj_search.dir/build.make:62: recipe for target 'CMakeFiles/obj_search.dir/src/obj_search.cpp.o' failed
make[2]: *** [CMakeFiles/obj_search.dir/src/obj_search.cpp.o] Error 1
CMakeFiles/Makefile2:117: recipe for target 'CMakeFiles/obj_search.dir/all' failed
make[1]: *** [CMakeFiles/obj_search.dir/all] Error 2
Makefile:138: recipe for target 'all' failed
make: *** [all] Error 2
